Args in experiment:
Namespace(random_seed=2024, is_training=1, model_id='ETTh1_336_336', model='CP_RMCN', data='ETTh1', root_path='./dataset/', data_path='ETTh1.csv', features='M', target='OT', freq='h', checkpoints='./checkpoints/', seq_len=336, label_len=48, pred_len=336, fc_dropout=0.3, head_dropout=0.0, patch_len=16, stride=8, padding_patch='end', revin=1, affine=0, subtract_last=0, decomposition=0, kernel_size=25, individual=0, channel=6, teach=False, resolution='hour', embed_type=0, enc_in=7, dec_in=7, c_out=7, d_model=16, n_heads=4, e_layers=3, d_layers=1, d_ff=128, moving_avg=25, factor=1, distil=True, dropout=0.3, embed='timeF', activation='gelu', output_attention=False, do_predict=False, num_workers=10, itr=1, train_epochs=100, batch_size=128, patience=5, learning_rate=0.0001, des='Exp', loss='mse', lradj='type3', pct_start=0.3, use_amp=False, use_gpu=True, gpu=0, use_multi_gpu=False, devices='0,1,2,3', test_flop=False)
Use GPU: cuda:0
>>>>>>>start training : ETTh1_336_336_CP_RMCN_6_0>>>>>>>>>>>>>>>>>>>>>>>>>>
channel: 6
Total number of parameters: 205418
train 7969
val 2545
test 2545
Epoch: 1 cost time: 5.352808713912964
Epoch: 1, Steps: 62 | Train Loss: 1.0475739 Vali Loss: 0.2236676 Test Loss: 1.3135718
Validation loss decreased (inf --> 0.223668).  Saving model ...
Updating learning rate to 0.0001
Time Elapsed: 8.07 seconds
Epoch: 2 cost time: 5.743147373199463
Epoch: 2, Steps: 62 | Train Loss: 0.6217982 Vali Loss: 0.4660858 Test Loss: 3.2246366
EarlyStopping counter: 1 out of 5
Updating learning rate to 0.0001
Time Elapsed: 15.45 seconds
Epoch: 3 cost time: 5.785004615783691
Epoch: 3, Steps: 62 | Train Loss: 0.2671250 Vali Loss: 0.5587953 Test Loss: 3.3176067
EarlyStopping counter: 2 out of 5
Updating learning rate to 0.0001
Time Elapsed: 22.85 seconds
Epoch: 4 cost time: 5.90351939201355
Epoch: 4, Steps: 62 | Train Loss: 0.2092525 Vali Loss: 0.6092910 Test Loss: 3.2625663
EarlyStopping counter: 3 out of 5
Updating learning rate to 9e-05
Time Elapsed: 30.31 seconds
Epoch: 5 cost time: 5.6351096630096436
Epoch: 5, Steps: 62 | Train Loss: 0.1696099 Vali Loss: 0.6743454 Test Loss: 3.2781825
EarlyStopping counter: 4 out of 5
Updating learning rate to 8.1e-05
Time Elapsed: 37.50 seconds
Epoch: 6 cost time: 5.08748722076416
Epoch: 6, Steps: 62 | Train Loss: 0.1344754 Vali Loss: 0.6930618 Test Loss: 2.8580658
EarlyStopping counter: 5 out of 5
Early stopping
>>>>>>>testing : ETTh1_336_336_CP_RMCN_6_0<<<<<<<<<<<<<<<<<<<<<<<<<<<<<<<<<
test 2545
mse:1.3135716915130615, mae:1.0871853828430176, rse:3.2185091972351074
