Args in experiment:
Namespace(random_seed=2024, is_training=1, model_id='ETTh1_336_336', model='CP_RMCN', data='ETTh1', root_path='./dataset/', data_path='ETTh1.csv', features='M', target='OT', freq='h', checkpoints='./checkpoints/', seq_len=336, label_len=48, pred_len=336, fc_dropout=0.3, head_dropout=0.0, patch_len=16, stride=8, padding_patch='end', revin=1, affine=0, subtract_last=0, decomposition=0, kernel_size=25, individual=0, channel=1, teach=False, resolution='hour', embed_type=0, enc_in=7, dec_in=7, c_out=7, d_model=16, n_heads=4, e_layers=3, d_layers=1, d_ff=128, moving_avg=25, factor=1, distil=True, dropout=0.3, embed='timeF', activation='gelu', output_attention=False, do_predict=False, num_workers=10, itr=1, train_epochs=100, batch_size=128, patience=5, learning_rate=0.0001, des='Exp', loss='mse', lradj='type3', pct_start=0.3, use_amp=False, use_gpu=True, gpu=0, use_multi_gpu=False, devices='0,1,2,3', test_flop=False)
Use GPU: cuda:0
>>>>>>>start training : ETTh1_336_336_CP_RMCN_1_0>>>>>>>>>>>>>>>>>>>>>>>>>>
channel: 1
Total number of parameters: 205418
train 7969
val 2545
test 2545
Epoch: 1 cost time: 6.2048726081848145
Epoch: 1, Steps: 62 | Train Loss: 1.0380024 Vali Loss: 1.1443638 Test Loss: 0.8093755
Validation loss decreased (inf --> 1.144364).  Saving model ...
Updating learning rate to 0.0001
Time Elapsed: 8.95 seconds
Epoch: 2 cost time: 5.0634565353393555
Epoch: 2, Steps: 62 | Train Loss: 0.5685791 Vali Loss: 0.4418373 Test Loss: 0.3369449
Validation loss decreased (1.144364 --> 0.441837).  Saving model ...
Updating learning rate to 0.0001
Time Elapsed: 15.62 seconds
Epoch: 3 cost time: 5.669528961181641
Epoch: 3, Steps: 62 | Train Loss: 0.1543007 Vali Loss: 0.2318963 Test Loss: 0.1423429
Validation loss decreased (0.441837 --> 0.231896).  Saving model ...
Updating learning rate to 0.0001
Time Elapsed: 22.83 seconds
Epoch: 4 cost time: 5.421315670013428
Epoch: 4, Steps: 62 | Train Loss: 0.0846118 Vali Loss: 0.1591237 Test Loss: 0.0959563
Validation loss decreased (0.231896 --> 0.159124).  Saving model ...
Updating learning rate to 9e-05
Time Elapsed: 29.73 seconds
Epoch: 5 cost time: 5.47551965713501
Epoch: 5, Steps: 62 | Train Loss: 0.0574301 Vali Loss: 0.1332964 Test Loss: 0.0812058
Validation loss decreased (0.159124 --> 0.133296).  Saving model ...
Updating learning rate to 8.1e-05
Time Elapsed: 36.81 seconds
Epoch: 6 cost time: 5.8918232917785645
Epoch: 6, Steps: 62 | Train Loss: 0.0421331 Vali Loss: 0.1138029 Test Loss: 0.0714467
Validation loss decreased (0.133296 --> 0.113803).  Saving model ...
Updating learning rate to 7.290000000000001e-05
Time Elapsed: 43.69 seconds
Epoch: 7 cost time: 5.82275390625
Epoch: 7, Steps: 62 | Train Loss: 0.0344123 Vali Loss: 0.1020942 Test Loss: 0.0657714
Validation loss decreased (0.113803 --> 0.102094).  Saving model ...
Updating learning rate to 6.561e-05
Time Elapsed: 51.03 seconds
Epoch: 8 cost time: 5.456950426101685
Epoch: 8, Steps: 62 | Train Loss: 0.0305691 Vali Loss: 0.0952847 Test Loss: 0.0632004
Validation loss decreased (0.102094 --> 0.095285).  Saving model ...
Updating learning rate to 5.904900000000001e-05
Time Elapsed: 57.98 seconds
Epoch: 9 cost time: 5.497229337692261
Epoch: 9, Steps: 62 | Train Loss: 0.0284722 Vali Loss: 0.0902457 Test Loss: 0.0613121
Validation loss decreased (0.095285 --> 0.090246).  Saving model ...
Updating learning rate to 5.3144100000000005e-05
Time Elapsed: 64.98 seconds
Epoch: 10 cost time: 5.515065670013428
Epoch: 10, Steps: 62 | Train Loss: 0.0271275 Vali Loss: 0.0873131 Test Loss: 0.0601925
Validation loss decreased (0.090246 --> 0.087313).  Saving model ...
Updating learning rate to 4.782969000000001e-05
Time Elapsed: 72.05 seconds
Epoch: 11 cost time: 4.758171796798706
Epoch: 11, Steps: 62 | Train Loss: 0.0261780 Vali Loss: 0.0842486 Test Loss: 0.0594070
Validation loss decreased (0.087313 --> 0.084249).  Saving model ...
Updating learning rate to 4.304672100000001e-05
Time Elapsed: 78.36 seconds
Epoch: 12 cost time: 5.4857704639434814
Epoch: 12, Steps: 62 | Train Loss: 0.0254452 Vali Loss: 0.0825617 Test Loss: 0.0592640
Validation loss decreased (0.084249 --> 0.082562).  Saving model ...
Updating learning rate to 3.874204890000001e-05
Time Elapsed: 85.33 seconds
Epoch: 13 cost time: 5.538884878158569
Epoch: 13, Steps: 62 | Train Loss: 0.0248567 Vali Loss: 0.0809958 Test Loss: 0.0584400
Validation loss decreased (0.082562 --> 0.080996).  Saving model ...
Updating learning rate to 3.486784401000001e-05
Time Elapsed: 92.37 seconds
Epoch: 14 cost time: 5.475892543792725
Epoch: 14, Steps: 62 | Train Loss: 0.0243712 Vali Loss: 0.0787554 Test Loss: 0.0579637
Validation loss decreased (0.080996 --> 0.078755).  Saving model ...
Updating learning rate to 3.138105960900001e-05
Time Elapsed: 99.37 seconds
Epoch: 15 cost time: 5.449173927307129
Epoch: 15, Steps: 62 | Train Loss: 0.0239634 Vali Loss: 0.0783169 Test Loss: 0.0585713
Validation loss decreased (0.078755 --> 0.078317).  Saving model ...
Updating learning rate to 2.824295364810001e-05
Time Elapsed: 106.32 seconds
Epoch: 16 cost time: 4.881972074508667
Epoch: 16, Steps: 62 | Train Loss: 0.0236022 Vali Loss: 0.0772246 Test Loss: 0.0582809
Validation loss decreased (0.078317 --> 0.077225).  Saving model ...
Updating learning rate to 2.541865828329001e-05
Time Elapsed: 112.79 seconds
Epoch: 17 cost time: 5.521409511566162
Epoch: 17, Steps: 62 | Train Loss: 0.0233110 Vali Loss: 0.0774851 Test Loss: 0.0595910
EarlyStopping counter: 1 out of 5
Updating learning rate to 2.287679245496101e-05
Time Elapsed: 119.79 seconds
Epoch: 18 cost time: 5.590180397033691
Epoch: 18, Steps: 62 | Train Loss: 0.0230616 Vali Loss: 0.0755763 Test Loss: 0.0578114
Validation loss decreased (0.077225 --> 0.075576).  Saving model ...
Updating learning rate to 2.0589113209464907e-05
Time Elapsed: 126.91 seconds
Epoch: 19 cost time: 5.57114839553833
Epoch: 19, Steps: 62 | Train Loss: 0.0228318 Vali Loss: 0.0747902 Test Loss: 0.0584747
Validation loss decreased (0.075576 --> 0.074790).  Saving model ...
Updating learning rate to 1.8530201888518416e-05
Time Elapsed: 133.98 seconds
Epoch: 20 cost time: 4.821830987930298
Epoch: 20, Steps: 62 | Train Loss: 0.0226461 Vali Loss: 0.0740325 Test Loss: 0.0575541
Validation loss decreased (0.074790 --> 0.074032).  Saving model ...
Updating learning rate to 1.6677181699666577e-05
Time Elapsed: 140.32 seconds
Epoch: 21 cost time: 5.522840976715088
Epoch: 21, Steps: 62 | Train Loss: 0.0224693 Vali Loss: 0.0736920 Test Loss: 0.0575535
Validation loss decreased (0.074032 --> 0.073692).  Saving model ...
Updating learning rate to 1.5009463529699919e-05
Time Elapsed: 147.40 seconds
Epoch: 22 cost time: 5.54356575012207
Epoch: 22, Steps: 62 | Train Loss: 0.0223151 Vali Loss: 0.0729933 Test Loss: 0.0572662
Validation loss decreased (0.073692 --> 0.072993).  Saving model ...
Updating learning rate to 1.3508517176729929e-05
Time Elapsed: 154.56 seconds
Epoch: 23 cost time: 5.754298210144043
Epoch: 23, Steps: 62 | Train Loss: 0.0221742 Vali Loss: 0.0729993 Test Loss: 0.0574484
EarlyStopping counter: 1 out of 5
Updating learning rate to 1.2157665459056936e-05
Time Elapsed: 161.84 seconds
Epoch: 24 cost time: 5.599972486495972
Epoch: 24, Steps: 62 | Train Loss: 0.0220509 Vali Loss: 0.0724535 Test Loss: 0.0572173
Validation loss decreased (0.072993 --> 0.072454).  Saving model ...
Updating learning rate to 1.0941898913151242e-05
Time Elapsed: 168.93 seconds
Epoch: 25 cost time: 4.652382135391235
Epoch: 25, Steps: 62 | Train Loss: 0.0219387 Vali Loss: 0.0717531 Test Loss: 0.0571430
Validation loss decreased (0.072454 --> 0.071753).  Saving model ...
Updating learning rate to 9.847709021836118e-06
Time Elapsed: 175.09 seconds
Epoch: 26 cost time: 5.498424291610718
Epoch: 26, Steps: 62 | Train Loss: 0.0218416 Vali Loss: 0.0715553 Test Loss: 0.0574836
Validation loss decreased (0.071753 --> 0.071555).  Saving model ...
Updating learning rate to 8.862938119652508e-06
Time Elapsed: 182.14 seconds
Epoch: 27 cost time: 5.605518817901611
Epoch: 27, Steps: 62 | Train Loss: 0.0217541 Vali Loss: 0.0705270 Test Loss: 0.0561355
Validation loss decreased (0.071555 --> 0.070527).  Saving model ...
Updating learning rate to 7.976644307687255e-06
Time Elapsed: 189.28 seconds
Epoch: 28 cost time: 5.541182994842529
Epoch: 28, Steps: 62 | Train Loss: 0.0216711 Vali Loss: 0.0699826 Test Loss: 0.0565079
Validation loss decreased (0.070527 --> 0.069983).  Saving model ...
Updating learning rate to 7.178979876918531e-06
Time Elapsed: 196.45 seconds
Epoch: 29 cost time: 5.556714773178101
Epoch: 29, Steps: 62 | Train Loss: 0.0216005 Vali Loss: 0.0707813 Test Loss: 0.0569026
EarlyStopping counter: 1 out of 5
Updating learning rate to 6.4610818892266776e-06
Time Elapsed: 202.79 seconds
Epoch: 30 cost time: 5.4179651737213135
Epoch: 30, Steps: 62 | Train Loss: 0.0215308 Vali Loss: 0.0698606 Test Loss: 0.0565440
Validation loss decreased (0.069983 --> 0.069861).  Saving model ...
Updating learning rate to 5.8149737003040096e-06
Time Elapsed: 209.80 seconds
Epoch: 31 cost time: 5.447835922241211
Epoch: 31, Steps: 62 | Train Loss: 0.0214714 Vali Loss: 0.0699884 Test Loss: 0.0566168
EarlyStopping counter: 1 out of 5
Updating learning rate to 5.23347633027361e-06
Time Elapsed: 216.70 seconds
Epoch: 32 cost time: 5.562852382659912
Epoch: 32, Steps: 62 | Train Loss: 0.0214187 Vali Loss: 0.0700093 Test Loss: 0.0568378
EarlyStopping counter: 2 out of 5
Updating learning rate to 4.710128697246249e-06
Time Elapsed: 223.74 seconds
Epoch: 33 cost time: 5.51145601272583
Epoch: 33, Steps: 62 | Train Loss: 0.0213703 Vali Loss: 0.0694279 Test Loss: 0.0564010
Validation loss decreased (0.069861 --> 0.069428).  Saving model ...
Updating learning rate to 4.239115827521624e-06
Time Elapsed: 230.75 seconds
Epoch: 34 cost time: 4.892806768417358
Epoch: 34, Steps: 62 | Train Loss: 0.0213273 Vali Loss: 0.0691562 Test Loss: 0.0562467
Validation loss decreased (0.069428 --> 0.069156).  Saving model ...
Updating learning rate to 3.815204244769462e-06
Time Elapsed: 237.11 seconds
Epoch: 35 cost time: 5.532382249832153
Epoch: 35, Steps: 62 | Train Loss: 0.0212863 Vali Loss: 0.0693905 Test Loss: 0.0568603
EarlyStopping counter: 1 out of 5
Updating learning rate to 3.4336838202925152e-06
Time Elapsed: 244.21 seconds
Epoch: 36 cost time: 5.4458982944488525
Epoch: 36, Steps: 62 | Train Loss: 0.0212455 Vali Loss: 0.0689876 Test Loss: 0.0563338
Validation loss decreased (0.069156 --> 0.068988).  Saving model ...
Updating learning rate to 3.090315438263264e-06
Time Elapsed: 251.15 seconds
Epoch: 37 cost time: 5.603737831115723
Epoch: 37, Steps: 62 | Train Loss: 0.0212138 Vali Loss: 0.0689340 Test Loss: 0.0565055
Validation loss decreased (0.068988 --> 0.068934).  Saving model ...
Updating learning rate to 2.7812838944369375e-06
Time Elapsed: 258.30 seconds
Epoch: 38 cost time: 5.579818964004517
Epoch: 38, Steps: 62 | Train Loss: 0.0211758 Vali Loss: 0.0689702 Test Loss: 0.0564600
EarlyStopping counter: 1 out of 5
Updating learning rate to 2.503155504993244e-06
Time Elapsed: 265.38 seconds
Epoch: 39 cost time: 4.664074182510376
Epoch: 39, Steps: 62 | Train Loss: 0.0211514 Vali Loss: 0.0691718 Test Loss: 0.0566462
EarlyStopping counter: 2 out of 5
Updating learning rate to 2.2528399544939195e-06
Time Elapsed: 271.48 seconds
Epoch: 40 cost time: 5.571439266204834
Epoch: 40, Steps: 62 | Train Loss: 0.0211275 Vali Loss: 0.0687822 Test Loss: 0.0564130
Validation loss decreased (0.068934 --> 0.068782).  Saving model ...
Updating learning rate to 2.0275559590445276e-06
Time Elapsed: 278.59 seconds
Epoch: 41 cost time: 5.640962839126587
Epoch: 41, Steps: 62 | Train Loss: 0.0210991 Vali Loss: 0.0688128 Test Loss: 0.0566009
EarlyStopping counter: 1 out of 5
Updating learning rate to 1.8248003631400751e-06
Time Elapsed: 285.70 seconds
Epoch: 42 cost time: 5.516658782958984
Epoch: 42, Steps: 62 | Train Loss: 0.0210818 Vali Loss: 0.0683479 Test Loss: 0.0566032
Validation loss decreased (0.068782 --> 0.068348).  Saving model ...
Updating learning rate to 1.6423203268260676e-06
Time Elapsed: 292.74 seconds
Epoch: 43 cost time: 4.905526161193848
Epoch: 43, Steps: 62 | Train Loss: 0.0210553 Vali Loss: 0.0683470 Test Loss: 0.0563609
Validation loss decreased (0.068348 --> 0.068347).  Saving model ...
Updating learning rate to 1.4780882941434609e-06
Time Elapsed: 299.20 seconds
Epoch: 44 cost time: 5.425242900848389
Epoch: 44, Steps: 62 | Train Loss: 0.0210429 Vali Loss: 0.0685212 Test Loss: 0.0563663
EarlyStopping counter: 1 out of 5
Updating learning rate to 1.3302794647291146e-06
Time Elapsed: 306.16 seconds
Epoch: 45 cost time: 5.620260000228882
Epoch: 45, Steps: 62 | Train Loss: 0.0210326 Vali Loss: 0.0684015 Test Loss: 0.0563629
EarlyStopping counter: 2 out of 5
Updating learning rate to 1.1972515182562034e-06
Time Elapsed: 313.33 seconds
Epoch: 46 cost time: 5.617153167724609
Epoch: 46, Steps: 62 | Train Loss: 0.0210113 Vali Loss: 0.0681751 Test Loss: 0.0560801
Validation loss decreased (0.068347 --> 0.068175).  Saving model ...
Updating learning rate to 1.077526366430583e-06
Time Elapsed: 320.49 seconds
Epoch: 47 cost time: 5.562511682510376
Epoch: 47, Steps: 62 | Train Loss: 0.0209933 Vali Loss: 0.0684437 Test Loss: 0.0564453
EarlyStopping counter: 1 out of 5
Updating learning rate to 9.697737297875248e-07
Time Elapsed: 327.50 seconds
Epoch: 48 cost time: 4.653408527374268
Epoch: 48, Steps: 62 | Train Loss: 0.0209820 Vali Loss: 0.0681413 Test Loss: 0.0562263
Validation loss decreased (0.068175 --> 0.068141).  Saving model ...
Updating learning rate to 8.727963568087723e-07
Time Elapsed: 333.69 seconds
Epoch: 49 cost time: 5.682110786437988
Epoch: 49, Steps: 62 | Train Loss: 0.0209723 Vali Loss: 0.0685074 Test Loss: 0.0563527
EarlyStopping counter: 1 out of 5
Updating learning rate to 7.855167211278951e-07
Time Elapsed: 340.85 seconds
Epoch: 50 cost time: 5.48201322555542
Epoch: 50, Steps: 62 | Train Loss: 0.0209664 Vali Loss: 0.0680021 Test Loss: 0.0564433
Validation loss decreased (0.068141 --> 0.068002).  Saving model ...
Updating learning rate to 7.069650490151056e-07
Time Elapsed: 347.91 seconds
Epoch: 51 cost time: 5.580263137817383
Epoch: 51, Steps: 62 | Train Loss: 0.0209506 Vali Loss: 0.0680780 Test Loss: 0.0561950
EarlyStopping counter: 1 out of 5
Updating learning rate to 6.36268544113595e-07
Time Elapsed: 354.99 seconds
Epoch: 52 cost time: 5.479286432266235
Epoch: 52, Steps: 62 | Train Loss: 0.0209386 Vali Loss: 0.0682645 Test Loss: 0.0562872
EarlyStopping counter: 2 out of 5
Updating learning rate to 5.726416897022355e-07
Time Elapsed: 361.25 seconds
Epoch: 53 cost time: 5.5805299282073975
Epoch: 53, Steps: 62 | Train Loss: 0.0209386 Vali Loss: 0.0679895 Test Loss: 0.0563990
Validation loss decreased (0.068002 --> 0.067989).  Saving model ...
Updating learning rate to 5.15377520732012e-07
Time Elapsed: 368.29 seconds
Epoch: 54 cost time: 5.485562324523926
Epoch: 54, Steps: 62 | Train Loss: 0.0209310 Vali Loss: 0.0680659 Test Loss: 0.0561092
EarlyStopping counter: 1 out of 5
Updating learning rate to 4.6383976865881085e-07
Time Elapsed: 375.26 seconds
Epoch: 55 cost time: 5.551194667816162
Epoch: 55, Steps: 62 | Train Loss: 0.0209228 Vali Loss: 0.0678167 Test Loss: 0.0562228
Validation loss decreased (0.067989 --> 0.067817).  Saving model ...
Updating learning rate to 4.174557917929298e-07
Time Elapsed: 382.39 seconds
Epoch: 56 cost time: 5.691615104675293
Epoch: 56, Steps: 62 | Train Loss: 0.0209170 Vali Loss: 0.0681086 Test Loss: 0.0561769
EarlyStopping counter: 1 out of 5
Updating learning rate to 3.7571021261363677e-07
Time Elapsed: 389.56 seconds
Epoch: 57 cost time: 4.954319953918457
Epoch: 57, Steps: 62 | Train Loss: 0.0209114 Vali Loss: 0.0676240 Test Loss: 0.0561325
Validation loss decreased (0.067817 --> 0.067624).  Saving model ...
Updating learning rate to 3.381391913522731e-07
Time Elapsed: 396.00 seconds
Epoch: 58 cost time: 5.518486499786377
Epoch: 58, Steps: 62 | Train Loss: 0.0209092 Vali Loss: 0.0678547 Test Loss: 0.0562469
EarlyStopping counter: 1 out of 5
Updating learning rate to 3.043252722170458e-07
Time Elapsed: 403.02 seconds
Epoch: 59 cost time: 5.598500728607178
Epoch: 59, Steps: 62 | Train Loss: 0.0209104 Vali Loss: 0.0677890 Test Loss: 0.0562159
EarlyStopping counter: 2 out of 5
Updating learning rate to 2.7389274499534124e-07
Time Elapsed: 410.05 seconds
Epoch: 60 cost time: 5.567688226699829
Epoch: 60, Steps: 62 | Train Loss: 0.0208954 Vali Loss: 0.0675855 Test Loss: 0.0561396
Validation loss decreased (0.067624 --> 0.067586).  Saving model ...
Updating learning rate to 2.465034704958071e-07
Time Elapsed: 417.17 seconds
Epoch: 61 cost time: 5.611084461212158
Epoch: 61, Steps: 62 | Train Loss: 0.0208901 Vali Loss: 0.0679887 Test Loss: 0.0562124
EarlyStopping counter: 1 out of 5
Updating learning rate to 2.218531234462264e-07
Time Elapsed: 424.27 seconds
Epoch: 62 cost time: 4.816650867462158
Epoch: 62, Steps: 62 | Train Loss: 0.0208888 Vali Loss: 0.0680432 Test Loss: 0.0561511
EarlyStopping counter: 2 out of 5
Updating learning rate to 1.9966781110160376e-07
Time Elapsed: 430.55 seconds
Epoch: 63 cost time: 5.411620616912842
Epoch: 63, Steps: 62 | Train Loss: 0.0208855 Vali Loss: 0.0675892 Test Loss: 0.0561829
EarlyStopping counter: 3 out of 5
Updating learning rate to 1.797010299914434e-07
Time Elapsed: 437.41 seconds
Epoch: 64 cost time: 5.451751947402954
Epoch: 64, Steps: 62 | Train Loss: 0.0208843 Vali Loss: 0.0679607 Test Loss: 0.0561569
EarlyStopping counter: 4 out of 5
Updating learning rate to 1.6173092699229907e-07
Time Elapsed: 444.35 seconds
Epoch: 65 cost time: 5.564405202865601
Epoch: 65, Steps: 62 | Train Loss: 0.0208861 Vali Loss: 0.0675310 Test Loss: 0.0561778
Validation loss decreased (0.067586 --> 0.067531).  Saving model ...
Updating learning rate to 1.4555783429306916e-07
Time Elapsed: 451.43 seconds
Epoch: 66 cost time: 4.726838111877441
Epoch: 66, Steps: 62 | Train Loss: 0.0208819 Vali Loss: 0.0675701 Test Loss: 0.0561464
EarlyStopping counter: 1 out of 5
Updating learning rate to 1.3100205086376224e-07
Time Elapsed: 457.72 seconds
Epoch: 67 cost time: 5.627628564834595
Epoch: 67, Steps: 62 | Train Loss: 0.0208776 Vali Loss: 0.0678365 Test Loss: 0.0561587
EarlyStopping counter: 2 out of 5
Updating learning rate to 1.1790184577738603e-07
Time Elapsed: 464.84 seconds
Epoch: 68 cost time: 5.496757984161377
Epoch: 68, Steps: 62 | Train Loss: 0.0208782 Vali Loss: 0.0678852 Test Loss: 0.0560946
EarlyStopping counter: 3 out of 5
Updating learning rate to 1.0611166119964742e-07
Time Elapsed: 471.87 seconds
Epoch: 69 cost time: 5.568209886550903
Epoch: 69, Steps: 62 | Train Loss: 0.0208692 Vali Loss: 0.0674814 Test Loss: 0.0561681
Validation loss decreased (0.067531 --> 0.067481).  Saving model ...
Updating learning rate to 9.550049507968268e-08
Time Elapsed: 478.98 seconds
Epoch: 70 cost time: 5.567278861999512
Epoch: 70, Steps: 62 | Train Loss: 0.0208690 Vali Loss: 0.0677579 Test Loss: 0.0560884
EarlyStopping counter: 1 out of 5
Updating learning rate to 8.595044557171442e-08
Time Elapsed: 486.03 seconds
Epoch: 71 cost time: 4.76054310798645
Epoch: 71, Steps: 62 | Train Loss: 0.0208673 Vali Loss: 0.0674754 Test Loss: 0.0561840
Validation loss decreased (0.067481 --> 0.067475).  Saving model ...
Updating learning rate to 7.735540101454298e-08
Time Elapsed: 492.32 seconds
Epoch: 72 cost time: 5.597070217132568
Epoch: 72, Steps: 62 | Train Loss: 0.0208687 Vali Loss: 0.0679074 Test Loss: 0.0560712
EarlyStopping counter: 1 out of 5
Updating learning rate to 6.961986091308869e-08
Time Elapsed: 499.34 seconds
Epoch: 73 cost time: 5.466235399246216
Epoch: 73, Steps: 62 | Train Loss: 0.0208697 Vali Loss: 0.0676378 Test Loss: 0.0561093
EarlyStopping counter: 2 out of 5
Updating learning rate to 6.265787482177981e-08
Time Elapsed: 506.28 seconds
Epoch: 74 cost time: 5.433655023574829
Epoch: 74, Steps: 62 | Train Loss: 0.0208651 Vali Loss: 0.0674092 Test Loss: 0.0561849
Validation loss decreased (0.067475 --> 0.067409).  Saving model ...
Updating learning rate to 5.639208733960184e-08
Time Elapsed: 513.23 seconds
Epoch: 75 cost time: 5.754359006881714
Epoch: 75, Steps: 62 | Train Loss: 0.0208668 Vali Loss: 0.0681415 Test Loss: 0.0561521
EarlyStopping counter: 1 out of 5
Updating learning rate to 5.075287860564165e-08
Time Elapsed: 519.69 seconds
Epoch: 76 cost time: 5.472616672515869
Epoch: 76, Steps: 62 | Train Loss: 0.0208627 Vali Loss: 0.0675245 Test Loss: 0.0561313
EarlyStopping counter: 2 out of 5
Updating learning rate to 4.567759074507749e-08
Time Elapsed: 526.61 seconds
Epoch: 77 cost time: 5.524823427200317
Epoch: 77, Steps: 62 | Train Loss: 0.0208596 Vali Loss: 0.0676551 Test Loss: 0.0561631
EarlyStopping counter: 3 out of 5
Updating learning rate to 4.1109831670569744e-08
Time Elapsed: 533.60 seconds
Epoch: 78 cost time: 5.506703615188599
Epoch: 78, Steps: 62 | Train Loss: 0.0208663 Vali Loss: 0.0677909 Test Loss: 0.0561371
EarlyStopping counter: 4 out of 5
Updating learning rate to 3.6998848503512764e-08
Time Elapsed: 540.62 seconds
Epoch: 79 cost time: 5.631327390670776
Epoch: 79, Steps: 62 | Train Loss: 0.0208629 Vali Loss: 0.0678543 Test Loss: 0.0561558
EarlyStopping counter: 5 out of 5
Early stopping
>>>>>>>testing : ETTh1_336_336_CP_RMCN_1_0<<<<<<<<<<<<<<<<<<<<<<<<<<<<<<<<<
test 2545
mse:0.056184880435466766, mae:0.18122591078281403, rse:0.39733681082725525
